<?xml version="1.0" encoding="UTF-8"?>
<!-- Generated by org.testng.reporters.JUnitReportReporter -->
<testsuite hostname="0acf553aca57" failures="0" tests="15" name="com.sidgupta.tests.flightreservation.FlightReservationTest" time="27.300" errors="0" timestamp="2024-08-20T16:46:40 GMT" skipped="0">
  <testcase classname="com.sidgupta.tests.flightreservation.FlightReservationTest" name="goToFlightSearchTest" time="0.678"/>
  <testcase classname="com.sidgupta.tests.flightreservation.FlightReservationTest" name="goToFlightSearchTest" time="0.116"/>
  <testcase classname="com.sidgupta.tests.flightreservation.FlightReservationTest" name="searchFlightTest" time="1.701"/>
  <testcase classname="com.sidgupta.tests.flightreservation.FlightReservationTest" name="selectFlightsTest" time="1.100"/>
  <testcase classname="com.sidgupta.tests.flightreservation.FlightReservationTest" name="flightConfirmationTest" time="0.647"/>
  <testcase classname="com.sidgupta.tests.flightreservation.FlightReservationTest" name="customerRegistrationTest" time="2.856"/>
  <testcase classname="com.sidgupta.tests.flightreservation.FlightReservationTest" name="flightConfirmationTest" time="1.267"/>
  <testcase classname="com.sidgupta.tests.flightreservation.FlightReservationTest" name="customerRegistrationTest" time="2.863"/>
  <testcase classname="com.sidgupta.tests.flightreservation.FlightReservationTest" name="selectFlightsTest" time="2.129"/>
  <testcase classname="com.sidgupta.tests.flightreservation.FlightReservationTest" name="searchFlightTest" time="1.900"/>
  <testcase classname="com.sidgupta.tests.flightreservation.FlightReservationTest" name="searchFlightTest" time="2.463"/>
  <testcase classname="com.sidgupta.tests.flightreservation.FlightReservationTest" name="customerRegistrationTest" time="2.871"/>
  <testcase classname="com.sidgupta.tests.flightreservation.FlightReservationTest" name="selectFlightsTest" time="3.236"/>
  <testcase classname="com.sidgupta.tests.flightreservation.FlightReservationTest" name="goToFlightSearchTest" time="1.236"/>
  <testcase classname="com.sidgupta.tests.flightreservation.FlightReservationTest" name="flightConfirmationTest" time="2.237"/>
</testsuite> <!-- com.sidgupta.tests.flightreservation.FlightReservationTest -->
