<?xml version="1.0" encoding="UTF-8"?>
<!-- Generated by org.testng.reporters.JUnitReportReporter -->
<testsuite hostname="1729e72db9a3" failures="0" tests="6" name="com.sidgupta.tests.vendorapplication.VendorAppTest" time="24.712" errors="0" timestamp="2024-08-20T16:46:38 GMT" skipped="0">
  <testcase classname="com.sidgupta.tests.vendorapplication.VendorAppTest" name="loginTest" time="1.399"/>
  <testcase classname="com.sidgupta.tests.vendorapplication.VendorAppTest" name="dashboardTest" time="8.917"/>
  <testcase classname="com.sidgupta.tests.vendorapplication.VendorAppTest" name="loginTest" time="1.349"/>
  <testcase classname="com.sidgupta.tests.vendorapplication.VendorAppTest" name="dashboardTest" time="5.207"/>
  <testcase classname="com.sidgupta.tests.vendorapplication.VendorAppTest" name="loginTest" time="1.396"/>
  <testcase classname="com.sidgupta.tests.vendorapplication.VendorAppTest" name="dashboardTest" time="6.444"/>
</testsuite> <!-- com.sidgupta.tests.vendorapplication.VendorAppTest -->
